<?xml version="1.0" encoding="UTF-8"?>
<testsuite name="com.wakaleo.gameoflife.domain.WhenYouCreateACell" tests="6" skipped="0" failures="0" errors="0" timestamp="2016-02-11T13:25:12" hostname="EPHUBUDW0100" time="0.005">
  <properties/>
  <testcase name="aDeadCellShouldBePrintedAsADot" classname="com.wakaleo.gameoflife.domain.WhenYouCreateACell" time="0.004"/>
  <testcase name="aLiveCellShouldBePrintedAsAnAsterisk" classname="com.wakaleo.gameoflife.domain.WhenYouCreateACell" time="0.0"/>
  <testcase name="aLiveCellSymbolShouldBeAnAsterisk" classname="com.wakaleo.gameoflife.domain.WhenYouCreateACell" time="0.0"/>
  <testcase name="aDeadCellShouldBeRepresentedByADot" classname="com.wakaleo.gameoflife.domain.WhenYouCreateACell" time="0.0"/>
  <testcase name="aDeadCellSymbolShouldBeADot" classname="com.wakaleo.gameoflife.domain.WhenYouCreateACell" time="0.0"/>
  <testcase name="aLiveCellShouldBeRepresentedByAnAsterisk" classname="com.wakaleo.gameoflife.domain.WhenYouCreateACell" time="0.0"/>
  <system-out><![CDATA[]]></system-out>
  <system-err><![CDATA[]]></system-err>
</testsuite>
